running egg_info
creating build/indoor/indoor.egg-info
writing build/indoor/indoor.egg-info/PKG-INFO
writing dependency_links to build/indoor/indoor.egg-info/dependency_links.txt
writing entry points to build/indoor/indoor.egg-info/entry_points.txt
writing requirements to build/indoor/indoor.egg-info/requires.txt
writing top-level names to build/indoor/indoor.egg-info/top_level.txt
writing manifest file 'build/indoor/indoor.egg-info/SOURCES.txt'
reading manifest file 'build/indoor/indoor.egg-info/SOURCES.txt'
writing manifest file 'build/indoor/indoor.egg-info/SOURCES.txt'
running build
running build_py
creating /home/ryan/Desktop/CS560env/indoor/build/indoor/build
creating /home/ryan/Desktop/CS560env/indoor/build/indoor/build/lib
creating /home/ryan/Desktop/CS560env/indoor/build/indoor/build/lib/indoor
copying indoor/__init__.py -> /home/ryan/Desktop/CS560env/indoor/build/indoor/build/lib/indoor
running install
running install_lib
creating /home/ryan/Desktop/CS560env/indoor/install/indoor/lib/python3.10/site-packages/indoor
copying /home/ryan/Desktop/CS560env/indoor/build/indoor/build/lib/indoor/__init__.py -> /home/ryan/Desktop/CS560env/indoor/install/indoor/lib/python3.10/site-packages/indoor
byte-compiling /home/ryan/Desktop/CS560env/indoor/install/indoor/lib/python3.10/site-packages/indoor/__init__.py to __init__.cpython-310.pyc
running install_data
creating /home/ryan/Desktop/CS560env/indoor/install/indoor/share/ament_index
creating /home/ryan/Desktop/CS560env/indoor/install/indoor/share/ament_index/resource_index
creating /home/ryan/Desktop/CS560env/indoor/install/indoor/share/ament_index/resource_index/packages
copying resource/indoor -> /home/ryan/Desktop/CS560env/indoor/install/indoor/share/ament_index/resource_index/packages
copying package.xml -> /home/ryan/Desktop/CS560env/indoor/install/indoor/share/indoor
creating /home/ryan/Desktop/CS560env/indoor/install/indoor/share/indoor/launch
copying launch/webots_launch.py -> /home/ryan/Desktop/CS560env/indoor/install/indoor/share/indoor/launch
creating /home/ryan/Desktop/CS560env/indoor/install/indoor/share/indoor/worlds
copying worlds/my_world.wbt -> /home/ryan/Desktop/CS560env/indoor/install/indoor/share/indoor/worlds
running install_egg_info
Copying build/indoor/indoor.egg-info to /home/ryan/Desktop/CS560env/indoor/install/indoor/lib/python3.10/site-packages/indoor-0.0.0-py3.10.egg-info
running install_scripts
writing list of installed files to '/home/ryan/Desktop/CS560env/indoor/build/indoor/install.log'
